<?xml version="1.0" encoding="UTF-8"?>
<testng-results ignored="0" total="1" passed="1" failed="0" skipped="0">
  <reporter-output>
  </reporter-output>
  <suite started-at="2024-08-07T19:06:51 IST" name="Default suite" finished-at="2024-08-07T19:06:51 IST" duration-ms="69">
    <groups>
    </groups>
    <test started-at="2024-08-07T19:06:51 IST" name="Default test" finished-at="2024-08-07T19:06:51 IST" duration-ms="69">
      <class name="stepdefinitions.FirstStepDefinitions">
        <test-method signature="m()[pri:0, instance:stepdefinitions.FirstStepDefinitions@35dab4eb]" started-at="2024-08-07T19:06:51 IST" name="m" finished-at="2024-08-07T19:06:51 IST" duration-ms="8" status="PASS">
          <reporter-output>
          </reporter-output>
        </test-method> <!-- m -->
      </class> <!-- stepdefinitions.FirstStepDefinitions -->
    </test> <!-- Default test -->
  </suite> <!-- Default suite -->
</testng-results>
